{
  "RSpec": {
    "coverage": {
      "/Users/sophie/MakersProjects/week10/bank_tech_test/spec/account_spec.rb": {
        "lines": [
          1,
          null,
          1,
          1,
          1,
          null,
          null,
          1,
          1,
          null,
          null,
          1,
          1,
          1,
          4,
          null,
          null,
          null
        ]
      },
      "/Users/sophie/MakersProjects/week10/bank_tech_test/lib/account.rb": {
        "lines": [
          1,
          null,
          1,
          2,
          null,
          null,
          1,
          3,
          null,
          null,
          1,
          1,
          null,
          null
        ]
      }
    },
    "timestamp": 1594638874
  }
}
