{
  "RSpec": {
    "coverage": {
      "/Users/sophie/MakersProjects/week10/bank_tech_test/spec/account_spec.rb": {
        "lines": [
          1,
          null,
          1,
          1,
          1,
          null,
          null,
          1,
          1,
          null,
          null,
          1,
          1,
          1,
          4,
          null,
          null,
          null,
          1,
          1,
          1,
          1,
          4,
          null,
          null,
          1,
          2,
          null,
          null,
          null,
          1,
          1,
          1,
          null,
          null,
          null
        ]
      },
      "/Users/sophie/MakersProjects/week10/bank_tech_test/lib/account.rb": {
        "lines": [
          null,
          1,
          1,
          5,
          null,
          5,
          null,
          null,
          1,
          5,
          null,
          null,
          1,
          null,
          2,
          null,
          2,
          null,
          null,
          null,
          1,
          2,
          null,
          1,
          null,
          1,
          null,
          null,
          null,
          1,
          4,
          null,
          null,
          null,
          1,
          0,
          null,
          null,
          null,
          null,
          null
        ]
      },
      "/Users/sophie/MakersProjects/week10/bank_tech_test/spec/statement_spec.rb": {
        "lines": [

        ]
      }
    },
    "timestamp": 1594656698
  }
}
